<?xml version="1.0" encoding="UTF-8"?>
<!-- Generated by org.testng.reporters.JUnitReportReporter -->
<testsuite hostname="DESKTOP-57IUKSC" failures="0" tests="1" name="tnp.qa.tests.RegistrationTest" time="15.917" errors="0" timestamp="2023-12-28T14:32:30 IST" skipped="0">
  <testcase classname="tnp.qa.tests.RegistrationTest" name="verifyAccountRegistrationWithMandatoryFields" time="15.917"/>
</testsuite> <!-- tnp.qa.tests.RegistrationTest -->
